make all --print-data-base --no-builtin-variables --no-builtin-rules --question
# GNU Make 4.3
# Built for x86_64-redhat-linux-gnu
# Copyright (C) 1988-2020 Free Software Foundation, Inc.
# License GPLv3+: GNU GPL version 3 or later <http://gnu.org/licenses/gpl.html>
# This is free software: you are free to change and redistribute it.
# There is NO WARRANTY, to the extent permitted by law.

# Make data base, printed on Wed Jun 15 16:17:21 2022

# Variables

 
# environment
GDK_BACKEND = x11
# environment
LC_ALL = C
# environment
NO_AT_BRIDGE = 1
# environment
PNPM_HOME = /home/me/.local/share/pnpm
# environment
VSCODE_IPC_HOOK_EXTHOST = /run/user/1001/vscode-ipc-6ad86a6e-b4c4-489c-86ee-2b1e84a2afa0.sock
# environment
VSCODE_CWD = /home/me
# environment
WINDOWPATH = 2
# environment
GDM_LANG = en_AU.UTF-8
# default
MAKE_COMMAND := make
# environment
GOPATH = /home/me/go
# environment
define BASH_FUNC_which%%
() {  ( alias;
 eval ${which_declare} ) | /usr/bin/which --tty-only --read-alias --read-functions --show-tilde --show-dot $@
}
endef
# automatic
@D = $(patsubst %/,%,$(dir $@))
# environment
VSCODE_HANDLES_UNCAUGHT_ERRORS = true
# default
.VARIABLES := 
# environment
PWD = /home/me/Documents/modpacks/HexMC-dev
# automatic
%D = $(patsubst %/,%,$(dir $%))
# environment
HOSTNAME = fedora
# environment
MAIL = /var/spool/mail/me
# environment
STEAM_FRAME_FORCE_CLOSE = 1
# environment
XDG_DATA_DIRS = /home/me/.local/share/flatpak/exports/share:/var/lib/flatpak/exports/share:/usr/local/share/:/usr/share/
# automatic
^D = $(patsubst %/,%,$(dir $^))
# environment
VSCODE_LOG_STACK = false
# automatic
%F = $(notdir $%)
# environment
VSCODE_CODE_CACHE_PATH = /home/me/.config/Code/CachedData/4af164ea3a06f701fe3e89a2bcbb421d2026b68f
# environment
LANG = C
# environment
XAUTHORITY = /run/user/1001/gdm/Xauthority
# default
.LOADED := 
# default
.INCLUDE_DIRS = /usr/include /usr/local/include /usr/include
# makefile
MAKEFLAGS = pqrR
# makefile
CURDIR := /home/me/Documents/modpacks/HexMC-dev
# environment
VSCODE_PIPE_LOGGING = true
# environment
APPLICATION_INSIGHTS_NO_DIAGNOSTIC_CHANNEL = 1
# environment
LESSOPEN = ||/usr/bin/lesspipe.sh %s
# automatic
*D = $(patsubst %/,%,$(dir $*))
# environment
MFLAGS = -pqrR
# environment
SSH_AUTH_SOCK = /run/user/1001/keyring/ssh
# default
.SHELLFLAGS := -c
# environment
HISTSIZE = 1000
# automatic
+D = $(patsubst %/,%,$(dir $+))
# environment
XDG_SESSION_DESKTOP = gnome-xorg
# makefile (from 'Makefile', line 1)
MAKEFILE_LIST := Makefile
# automatic
@F = $(notdir $@)
# environment
VSCODE_VERBOSE_LOGGING = true
# environment
VSCODE_PID = 9183
# environment
SDL_VIDEO_MINIMIZE_ON_FOCUS_LOSS = 0
# environment
XDG_SESSION_TYPE = x11
# automatic
?D = $(patsubst %/,%,$(dir $?))
# environment
SESSION_MANAGER = local/unix:@/tmp/.ICE-unix/2392,unix/unix:/tmp/.ICE-unix/2392
# automatic
*F = $(notdir $*)
# environment
CHROME_DESKTOP = code-url-handler.desktop
# environment
DBUS_SESSION_BUS_ADDRESS = unix:path=/run/user/1001/bus
# automatic
<D = $(patsubst %/,%,$(dir $<))
# environment
VSCODE_NLS_CONFIG = {"locale":"en-gb","availableLanguages":{},"_languagePackSupport":true}
# default
MAKE_HOST := x86_64-redhat-linux-gnu
# makefile
SHELL = /bin/sh
# default
MAKECMDGOALS := all
# environment
XMODIFIERS = @im=ibus
# environment
SHLVL = 0
# environment
MAKELEVEL := 0
# default
MAKE = $(MAKE_COMMAND)
# environment
PATH = /home/me/.local/share/pnpm:/home/me/.local/share/pnpm:/home/me/.local/bin:/home/me/bin:/usr/lib64/ccache:/home/me/.cargo/bin:/usr/local/bin:/usr/local/sbin:/usr/bin:/usr/sbin:/bin:/home/me/go/bin
# default
MAKEFILES := 
# automatic
^F = $(notdir $^)
# environment
INVOCATION_ID = 6d55e3a860184cf69ec390204421a7eb
# environment
VSCODE_LOG_NATIVE = false
# environment
USERNAME = me
# automatic
?F = $(notdir $?)
# environment
XDG_CURRENT_DESKTOP = GNOME
# automatic
+F = $(notdir $+)
# environment
DESKTOP_SESSION = gnome-xorg
# environment
ORIGINAL_XDG_CURRENT_DESKTOP = GNOME
# 'override' directive
GNUMAKEFLAGS := 
# environment
LOGNAME = me
# environment
GIO_LAUNCHED_DESKTOP_FILE = /usr/share/applications/code.desktop
# makefile
.DEFAULT_GOAL := default
# environment
SYSTEMD_EXEC_PID = 8611
# environment
HISTCONTROL = ignoredups
# environment
EDITOR = /usr/bin/nano
# environment
DISPLAY = :1
# environment
USER = me
# default
MAKE_VERSION := 4.3
# environment
MANAGERPID = 2230
# environment
which_declare = declare -f
# environment
DEBUGINFOD_URLS = https://debuginfod.fedoraproject.org/ 
# environment
GIO_LAUNCHED_DESKTOP_FILE_PID = 9183
# environment
SSH_AGENT_PID = 2341
# environment
_ = /usr/bin/make
# environment
XDG_RUNTIME_DIR = /run/user/1001
# environment
JOURNAL_STREAM = 8:93860
# environment
XDG_SESSION_CLASS = user
# environment
VSCODE_AMD_ENTRYPOINT = vs/workbench/api/node/extensionHostProcess
# environment
HOME = /home/me
# environment
QT_IM_MODULE = ibus
# environment
ELECTRON_RUN_AS_NODE = 1
# environment
VSCODE_IPC_HOOK = /run/user/1001/vscode-3ec4b037-1.68.0-main.sock
# default
.RECIPEPREFIX := 
# automatic
<F = $(notdir $<)
# default
SUFFIXES := 
# default
.FEATURES := target-specific order-only second-expansion else-if shortest-stem undefine oneshell nocomment grouped-target extra-prereqs archives jobserver output-sync check-symlink guile load
# environment
XDG_MENU_PREFIX = gnome-
# environment
GDMSESSION = gnome-xorg
# variable set hash-table stats:
# Load=101/1024=10%, Rehash=0, Collisions=4/134=3%

# Pattern-specific Variable Values

# No pattern-specific variable values.

# Directories

# . (device 39, inode 1390865): 13 files, no impossibilities.

# 13 files, no impossibilities in 1 directories.

# Implicit Rules

# No implicit rules.

# Files

default:
#  Implicit rule search has not been done.
#  Modification time never checked.
#  File has not been updated.
#  recipe to execute (from 'Makefile', line 2):
	@echo "No Default make command configured"
	@echo "Please use either"
	@echo "   - make curseforge"
	@echo "   - make modrinth"
	@echo "   - make polymc"
	@echo "   - make technic"
	@echo "   - make all"
	@echo ""
	@echo "Curseforge will make a curseforge compatible zip"
	@echo ""
	@echo "Modrinth will make a Modrinth compatible mrpack"
	@echo ""
	@echo "PolyMC will make a PolyMC zip file which contains the packwiz updater."
	@echo ""
	@echo "Technic will make a Technic pack zip"
	@echo ""
	@echo "All will make all packs it can"
	@echo ""
	

# Not a target:
Makefile:
#  Implicit rule search has been done.
#  Last modified 2022-06-01 10:52:28.635868
#  File has been updated.
#  Successfully updated.

polymc:
#  Implicit rule search has not been done.
#  Modification time never checked.
#  File has not been updated.
#  recipe to execute (from 'Makefile', line 34):
	@echo "Making PolyMC pack"
	7z d ./build/modpack-polymc.zip ./pack/* -r
	7z d ./build/modpack-polymc.zip ./pack/.minecraft -r
	7z a ./build/modpack-polymc.zip ./pack/* -r
	7z a ./build/modpack-polymc.zip ./pack/.minecraft -r
	7z d ./build/modpack-polymc.zip ./pack/.minecraft/mods ./pack/.minecraft/pack.toml ./pack/.minecraft/index.toml -r

modrinth:
#  Implicit rule search has not been done.
#  Modification time never checked.
#  File has not been updated.
#  recipe to execute (from 'Makefile', line 28):
	@echo "Making Modrinth pack"
	mkdir -p build
	packwiz modrinth export --pack-file ./pack/.minecraft/pack.toml -o ./build/modpack-modrinth.mrpack
	7z d ./build/modpack-modrinth.mrpack overrides/packwiz-installer-bootstrap.jar overrides/pack.toml  overrides/index.toml	

clean:
#  Implicit rule search has not been done.
#  Modification time never checked.
#  File has not been updated.
#  recipe to execute (from 'Makefile', line 52):
	-rm -rf ./build/.technic
	-git gc --aggressive --prune

curseforge:
#  Implicit rule search has not been done.
#  Implicit/static pattern stem: ''
#  File does not exist.
#  File has been updated.
#  Needs to be updated (-q is set).
# automatic
# @ := curseforge
# automatic
# * := 
# automatic
# < := 
# automatic
# + := 
# automatic
# % := 
# automatic
# ^ := 
# automatic
# ? := 
# automatic
# | := 
# variable set hash-table stats:
 
# Load=8/32=25%, Rehash=0, Collisions=1/11=9%
#  recipe to execute (from 'Makefile', line 22):
	@echo "Making Curseforge pack"
	mkdir -p build
	packwiz curseforge export --pack-file ./pack/.minecraft/pack.toml -o ./build/modpack-curseforge.zip
	7z d ./build/modpack-curseforge.zip overrides/packwiz-installer-bootstrap.jar overrides/pack.toml  overrides/index.toml	

technic:
#  Implicit rule search has not been done.
#  Modification time never checked.
#  File has not been updated.
#  recipe to execute (from 'Makefile', line 42):
	@echo "Making Technic pack"
	mkdir -p build
	-cp -r ./pack/.minecraft ./build/.technic
	-cp ./pack/icon.png ./build/.technic/
	cd ./build/.technic && java -jar packwiz-installer-bootstrap.jar https://zekesmith.github.io/HexMC/pack/.minecraft/pack.toml -g && cd ..
	-rm -rf ./build/.technic/packwiz*
	7z d ./build/modpack-technic.zip ./build/* -r
	7z a ./build/modpack-technic.zip ./build/.technic/* -r

# Not a target:
.DEFAULT:
#  Implicit rule search has not been done.
#  Modification time never checked.
#  File has not been updated.

all: curseforge modrinth polymc technic clean
#  Command line target.
#  Implicit rule search has been done.
#  File does not exist.
#  File has been updated.
#  Needs to be updated (-q is set).
# variable set hash-table stats:
# Load=0/32=0%, Rehash=0, Collisions=0/3=0%

# Not a target:
.SUFFIXES:
#  Implicit rule search has not been done.
#  Modification time never checked.
#  File has not been updated.

# files hash-table stats:
# Load=10/1024=1%, Rehash=0, Collisions=0/27=0%
# VPATH Search Paths

# No 'vpath' search paths.

# No general ('VPATH' variable) search path.

# strcache buffers: 1 (0) / strings = 24 / storage = 196 B / avg = 8 B
# current buf: size = 8162 B / used = 196 B / count = 24 / avg = 8 B

# strcache performance: lookups = 42 / hit rate = 42%
# hash-table stats:
# Load=24/8192=0%, Rehash=0, Collisions=0/42=0%
# Finished Make data base on Wed Jun 15 16:17:21 2022

 
